Base path: /Applications/Unity/Unity.app/Contents
Cmd: initializeCompiler
Cmd: translateComputeKernel
  api=14 insize=833 outsize=777 ok=1
Cmd: translateComputeKernel
  api=14 insize=48541 outsize=85249 ok=1
Cmd: compileComputeKernel
  api=14 insize=7524 outsize=10669 ok=1
Cmd: translateComputeKernel
  api=14 insize=10669 outsize=18673 ok=1
Cmd: compileComputeKernel
  api=14 insize=5188 outsize=6781 ok=1
Cmd: translateComputeKernel
  api=14 insize=6781 outsize=10621 ok=1
Cmd: compileComputeKernel
  api=14 insize=9421 outsize=9477 ok=1
Cmd: translateComputeKernel
  api=14 insize=9477 outsize=16253 ok=1
Cmd: compileComputeKernel
  error: 2 plat 14 at (0): failed to open source file: 'CoreRP/ShaderLibrary/BC6H.hlsl'
  error: 2 plat 14 at (0): failed to open source file: 'CoreRP/ShaderLibrary/Common.hlsl'
  error: 2 plat 14 at (0): failed to open source file: 'CoreRP/ShaderLibrary/Sampling/Sampling.hlsl'
  api=14 insize=1522 outsize=0 ok=0
Cmd: translateComputeKernel
  api=14 insize=0 outsize=17 ok=1
Cmd: translateComputeKernel
  api=14 insize=1177 outsize=1289 ok=1
Cmd: compileComputeKernel
  error: 2 plat 14 at (0): failed to open source file: 'CoreRP/ShaderLibrary/Common.hlsl'
  error: 2 plat 14 at (0): failed to open source file: 'CoreRP/ShaderLibrary/Shadow/ShadowMoments.hlsl'
  api=14 insize=15322 outsize=0 ok=0
Cmd: compileComputeKernel
  error: 2 plat 14 at (0): failed to open source file: 'CoreRP/ShaderLibrary/Common.hlsl'
  error: 2 plat 14 at (0): failed to open source file: 'CoreRP/ShaderLibrary/Shadow/ShadowMoments.hlsl'
  api=14 insize=15322 outsize=0 ok=0
Cmd: compileComputeKernel
  error: 2 plat 14 at (0): failed to open source file: 'CoreRP/ShaderLibrary/Common.hlsl'
  error: 2 plat 14 at (0): failed to open source file: 'CoreRP/ShaderLibrary/Shadow/ShadowMoments.hlsl'
  api=14 insize=15322 outsize=0 ok=0
Cmd: compileComputeKernel
  error: 2 plat 14 at (0): failed to open source file: 'CoreRP/ShaderLibrary/Common.hlsl'
  error: 2 plat 14 at (0): failed to open source file: 'CoreRP/ShaderLibrary/Shadow/ShadowMoments.hlsl'
  api=14 insize=15322 outsize=0 ok=0
Cmd: compileComputeKernel
  error: 2 plat 14 at (0): failed to open source file: 'CoreRP/ShaderLibrary/Common.hlsl'
  error: 2 plat 14 at (0): failed to open source file: 'CoreRP/ShaderLibrary/Shadow/ShadowMoments.hlsl'
  api=14 insize=15322 outsize=0 ok=0
Cmd: compileComputeKernel
  error: 2 plat 14 at (0): failed to open source file: 'CoreRP/ShaderLibrary/Common.hlsl'
  error: 2 plat 14 at (0): failed to open source file: 'CoreRP/ShaderLibrary/Shadow/ShadowMoments.hlsl'
  api=14 insize=15322 outsize=0 ok=0
Cmd: compileComputeKernel
  error: 2 plat 14 at (0): failed to open source file: 'CoreRP/ShaderLibrary/Common.hlsl'
  error: 2 plat 14 at (0): failed to open source file: 'CoreRP/ShaderLibrary/Shadow/ShadowMoments.hlsl'
  api=14 insize=15322 outsize=0 ok=0
Cmd: compileComputeKernel
  error: 2 plat 14 at (0): failed to open source file: 'CoreRP/ShaderLibrary/Common.hlsl'
  error: 2 plat 14 at (0): failed to open source file: 'CoreRP/ShaderLibrary/Shadow/ShadowMoments.hlsl'
  api=14 insize=15322 outsize=0 ok=0
Cmd: compileComputeKernel
  error: 2 plat 14 at (0): failed to open source file: 'CoreRP/ShaderLibrary/Common.hlsl'
  error: 2 plat 14 at (0): failed to open source file: 'CoreRP/ShaderLibrary/Shadow/ShadowMoments.hlsl'
  api=14 insize=15322 outsize=0 ok=0
Cmd: compileComputeKernel
  error: 2 plat 14 at (0): failed to open source file: 'CoreRP/ShaderLibrary/Common.hlsl'
  error: 2 plat 14 at (0): failed to open source file: 'CoreRP/ShaderLibrary/Shadow/ShadowMoments.hlsl'
  api=14 insize=15322 outsize=0 ok=0
Cmd: compileComputeKernel
  error: 2 plat 14 at (0): failed to open source file: 'CoreRP/ShaderLibrary/Common.hlsl'
  error: 2 plat 14 at (0): failed to open source file: 'CoreRP/ShaderLibrary/Shadow/ShadowMoments.hlsl'
  api=14 insize=15322 outsize=0 ok=0
Cmd: compileComputeKernel
  error: 2 plat 14 at (0): failed to open source file: 'CoreRP/ShaderLibrary/Common.hlsl'
  error: 2 plat 14 at (0): failed to open source file: 'CoreRP/ShaderLibrary/Shadow/ShadowMoments.hlsl'
  api=14 insize=15322 outsize=0 ok=0
Cmd: compileComputeKernel
  error: 2 plat 14 at (0): failed to open source file: 'CoreRP/ShaderLibrary/Common.hlsl'
  error: 2 plat 14 at (0): failed to open source file: 'CoreRP/ShaderLibrary/Shadow/ShadowMoments.hlsl'
  api=14 insize=15322 outsize=0 ok=0
Cmd: compileComputeKernel
  error: 2 plat 14 at (0): failed to open source file: 'CoreRP/ShaderLibrary/Common.hlsl'
  error: 2 plat 14 at (0): failed to open source file: 'CoreRP/ShaderLibrary/Shadow/ShadowMoments.hlsl'
  api=14 insize=15322 outsize=0 ok=0
Cmd: compileComputeKernel
  error: 2 plat 14 at (0): failed to open source file: 'CoreRP/ShaderLibrary/Common.hlsl'
  error: 2 plat 14 at (0): failed to open source file: 'CoreRP/ShaderLibrary/Shadow/ShadowMoments.hlsl'
  api=14 insize=15322 outsize=0 ok=0
Cmd: compileComputeKernel
  error: 2 plat 14 at (0): failed to open source file: 'CoreRP/ShaderLibrary/Common.hlsl'
  error: 2 plat 14 at (0): failed to open source file: 'CoreRP/ShaderLibrary/Shadow/ShadowMoments.hlsl'
  api=14 insize=15322 outsize=0 ok=0
Cmd: translateComputeKernel
  api=14 insize=0 outsize=17 ok=1
Cmd: translateComputeKernel
  api=14 insize=0 outsize=17 ok=1
Cmd: translateComputeKernel
  api=14 insize=0 outsize=17 ok=1
Cmd: translateComputeKernel
  api=14 insize=0 outsize=17 ok=1
Cmd: translateComputeKernel
  api=14 insize=0 outsize=17 ok=1
Cmd: translateComputeKernel
  api=14 insize=0 outsize=17 ok=1
Cmd: translateComputeKernel
  api=14 insize=0 outsize=17 ok=1
Cmd: translateComputeKernel
  api=14 insize=0 outsize=17 ok=1
Cmd: translateComputeKernel
  api=14 insize=0 outsize=17 ok=1
Cmd: translateComputeKernel
  api=14 insize=0 outsize=17 ok=1
Cmd: translateComputeKernel
  api=14 insize=0 outsize=17 ok=1
Cmd: translateComputeKernel
  api=14 insize=0 outsize=17 ok=1
Cmd: translateComputeKernel
  api=14 insize=0 outsize=17 ok=1
Cmd: translateComputeKernel
  api=14 insize=0 outsize=17 ok=1
Cmd: translateComputeKernel
  api=14 insize=0 outsize=17 ok=1
Cmd: translateComputeKernel
  api=14 insize=0 outsize=17 ok=1

Quitting shader compiler process
